\BOOKMARK [1][]{section.0.1}{1\040Introduction}{}% 1
\BOOKMARK [2][]{subsection.0.1.1}{1.1\040Problem\040Background}{section.0.1}% 2
\BOOKMARK [2][]{subsection.0.1.2}{1.2\040Restatement\040of\040the\040problem}{section.0.1}% 3
\BOOKMARK [1][]{section.0.2}{2\040Preparation\040of\040the\040Models}{}% 4
\BOOKMARK [2][]{subsection.0.2.1}{2.1\040Assumptions}{section.0.2}% 5
\BOOKMARK [2][]{subsection.0.2.2}{2.2\040Notations}{section.0.2}% 6
\BOOKMARK [1][]{section.0.3}{3\040The\040Models}{}% 7
\BOOKMARK [2][]{subsection.0.3.1}{3.1\040Model\0401}{section.0.3}% 8
\BOOKMARK [3][]{subsubsection.0.3.1.1}{3.1.1\040Detail\0401\040about\040Model\0401}{subsection.0.3.1}% 9
\BOOKMARK [2][]{subsection.0.3.2}{3.2\040Location\040Model}{section.0.3}% 10
\BOOKMARK [3][]{subsubsection.0.3.2.1}{3.2.1\040Weighted-Topsis}{subsection.0.3.2}% 11
\BOOKMARK [3][]{subsubsection.0.3.2.2}{3.2.2\040Weighted\040K-Means\040Clustering}{subsection.0.3.2}% 12
\BOOKMARK [3][]{subsubsection.0.3.2.3}{3.2.3\040Solution\040and\040Analysis\040of\040Location\040Model}{subsection.0.3.2}% 13
\BOOKMARK [3][]{subsubsection.0.3.2.4}{3.2.4\040Sensitivity\040Analysis}{subsection.0.3.2}% 14
\BOOKMARK [1][]{section.0.4}{4\040Strengths\040and\040Weaknesses}{}% 15
\BOOKMARK [2][]{subsection.0.4.1}{4.1\040Strengths}{section.0.4}% 16
\BOOKMARK [2][]{subsection.0.4.2}{4.2\040Weaknesses}{section.0.4}% 17
\BOOKMARK [1][]{section.0.5}{}{}% 18
\BOOKMARK [1][]{section.1.5}{References}{}% 19
\BOOKMARK [1][]{section*.14}{Appendix\040A:\040Further\040on\040LaTeX}{}% 20
